25-02-18.16:09:10.684 [main            ] WARN  PostProcessorRegistrationDelegate$BeanPostProcessorChecker - Bean 'com.alibaba.cloud.nacos.NacosConfigAutoConfiguration' of type [com.alibaba.cloud.nacos.NacosConfigAutoConfiguration] is not eligible for getting processed by all BeanPostProcessors (for example: not eligible for auto-proxying). The currently created BeanPostProcessor [nacosAnnotationProcessor] is declared through a non-static factory method on that class; consider declaring it as static instead.
25-02-18.16:09:10.699 [main            ] WARN  PostProcessorRegistrationDelegate$BeanPostProcessorChecker - Bean 'nacosConfigProperties' of type [com.alibaba.cloud.nacos.NacosConfigProperties] is not eligible for getting processed by all BeanPostProcessors (for example: not eligible for auto-proxying). Is this bean getting eagerly injected/applied to a currently created BeanPostProcessor [nacosAnnotationProcessor]? Check the corresponding BeanPostProcessor declaration and its dependencies/advisors. If this bean does not have to be post-processed, declare it with ROLE_INFRASTRUCTURE.
25-02-18.16:09:10.759 [main            ] WARN  PostProcessorRegistrationDelegate$BeanPostProcessorChecker - Bean 'nacosConfigManager' of type [com.alibaba.cloud.nacos.NacosConfigManager] is not eligible for getting processed by all BeanPostProcessors (for example: not eligible for auto-proxying). Is this bean getting eagerly injected/applied to a currently created BeanPostProcessor [nacosAnnotationProcessor]? Check the corresponding BeanPostProcessor declaration and its dependencies/advisors. If this bean does not have to be post-processed, declare it with ROLE_INFRASTRUCTURE.
25-02-18.16:09:36.843 [http-nio-18080-exec-1] WARN  DefaultHandlerExceptionResolver - Resolved [org.springframework.web.HttpRequestMethodNotSupportedException: Request method 'POST' is not supported]
25-02-18.16:11:25.118 [HttpClient-2-Worker-0] WARN  QueryTools             - Order details: Unknown database 'big_market'
25-02-18.16:11:49.623 [Thread-3        ] WARN  ThreadPoolManager      - [ThreadPoolManager] Start destroying ThreadPool
25-02-18.16:11:49.623 [Thread-18       ] WARN  NotifyCenter           - [NotifyCenter] Start destroying Publisher
25-02-18.16:11:49.623 [Thread-16       ] WARN  HttpClientBeanHolder   - [HttpClientBeanHolder] Start destroying common HttpClient
25-02-18.16:11:49.623 [Thread-18       ] WARN  NotifyCenter           - [NotifyCenter] Destruction of the end
25-02-18.16:11:49.623 [Thread-3        ] WARN  ThreadPoolManager      - [ThreadPoolManager] Destruction of the end
25-02-18.16:11:49.624 [Thread-16       ] WARN  HttpClientBeanHolder   - [HttpClientBeanHolder] Destruction of the end
25-02-18.16:12:15.753 [main            ] WARN  PostProcessorRegistrationDelegate$BeanPostProcessorChecker - Bean 'com.alibaba.cloud.nacos.NacosConfigAutoConfiguration' of type [com.alibaba.cloud.nacos.NacosConfigAutoConfiguration] is not eligible for getting processed by all BeanPostProcessors (for example: not eligible for auto-proxying). The currently created BeanPostProcessor [nacosAnnotationProcessor] is declared through a non-static factory method on that class; consider declaring it as static instead.
25-02-18.16:12:15.756 [main            ] WARN  PostProcessorRegistrationDelegate$BeanPostProcessorChecker - Bean 'nacosConfigProperties' of type [com.alibaba.cloud.nacos.NacosConfigProperties] is not eligible for getting processed by all BeanPostProcessors (for example: not eligible for auto-proxying). Is this bean getting eagerly injected/applied to a currently created BeanPostProcessor [nacosAnnotationProcessor]? Check the corresponding BeanPostProcessor declaration and its dependencies/advisors. If this bean does not have to be post-processed, declare it with ROLE_INFRASTRUCTURE.
25-02-18.16:12:15.822 [main            ] WARN  PostProcessorRegistrationDelegate$BeanPostProcessorChecker - Bean 'nacosConfigManager' of type [com.alibaba.cloud.nacos.NacosConfigManager] is not eligible for getting processed by all BeanPostProcessors (for example: not eligible for auto-proxying). Is this bean getting eagerly injected/applied to a currently created BeanPostProcessor [nacosAnnotationProcessor]? Check the corresponding BeanPostProcessor declaration and its dependencies/advisors. If this bean does not have to be post-processed, declare it with ROLE_INFRASTRUCTURE.
25-02-18.16:13:57.283 [HttpClient-2-Worker-0] WARN  QueryTools             - Order details: Access denied for user 'root'@'172.22.0.1' (using password: YES)
25-02-18.16:14:38.967 [Thread-3        ] WARN  ThreadPoolManager      - [ThreadPoolManager] Start destroying ThreadPool
25-02-18.16:14:38.968 [Thread-16       ] WARN  HttpClientBeanHolder   - [HttpClientBeanHolder] Start destroying common HttpClient
25-02-18.16:14:38.968 [Thread-18       ] WARN  NotifyCenter           - [NotifyCenter] Start destroying Publisher
25-02-18.16:14:38.968 [Thread-18       ] WARN  NotifyCenter           - [NotifyCenter] Destruction of the end
25-02-18.16:14:38.968 [Thread-3        ] WARN  ThreadPoolManager      - [ThreadPoolManager] Destruction of the end
25-02-18.16:14:38.968 [Thread-16       ] WARN  HttpClientBeanHolder   - [HttpClientBeanHolder] Destruction of the end
25-02-18.16:14:41.060 [HttpClient-2-Worker-2] WARN  QueryTools             - Order details: Access denied for user 'root'@'172.22.0.1' (using password: YES)
25-02-18.16:15:02.429 [main            ] WARN  PostProcessorRegistrationDelegate$BeanPostProcessorChecker - Bean 'com.alibaba.cloud.nacos.NacosConfigAutoConfiguration' of type [com.alibaba.cloud.nacos.NacosConfigAutoConfiguration] is not eligible for getting processed by all BeanPostProcessors (for example: not eligible for auto-proxying). The currently created BeanPostProcessor [nacosAnnotationProcessor] is declared through a non-static factory method on that class; consider declaring it as static instead.
25-02-18.16:15:02.432 [main            ] WARN  PostProcessorRegistrationDelegate$BeanPostProcessorChecker - Bean 'nacosConfigProperties' of type [com.alibaba.cloud.nacos.NacosConfigProperties] is not eligible for getting processed by all BeanPostProcessors (for example: not eligible for auto-proxying). Is this bean getting eagerly injected/applied to a currently created BeanPostProcessor [nacosAnnotationProcessor]? Check the corresponding BeanPostProcessor declaration and its dependencies/advisors. If this bean does not have to be post-processed, declare it with ROLE_INFRASTRUCTURE.
25-02-18.16:15:02.505 [main            ] WARN  PostProcessorRegistrationDelegate$BeanPostProcessorChecker - Bean 'nacosConfigManager' of type [com.alibaba.cloud.nacos.NacosConfigManager] is not eligible for getting processed by all BeanPostProcessors (for example: not eligible for auto-proxying). Is this bean getting eagerly injected/applied to a currently created BeanPostProcessor [nacosAnnotationProcessor]? Check the corresponding BeanPostProcessor declaration and its dependencies/advisors. If this bean does not have to be post-processed, declare it with ROLE_INFRASTRUCTURE.
25-02-18.16:22:02.849 [Thread-3        ] WARN  ThreadPoolManager      - [ThreadPoolManager] Start destroying ThreadPool
25-02-18.16:22:02.849 [Thread-18       ] WARN  NotifyCenter           - [NotifyCenter] Start destroying Publisher
25-02-18.16:22:02.849 [Thread-16       ] WARN  HttpClientBeanHolder   - [HttpClientBeanHolder] Start destroying common HttpClient
25-02-18.16:22:02.849 [Thread-18       ] WARN  NotifyCenter           - [NotifyCenter] Destruction of the end
25-02-18.16:22:02.849 [Thread-3        ] WARN  ThreadPoolManager      - [ThreadPoolManager] Destruction of the end
25-02-18.16:22:02.850 [Thread-16       ] WARN  HttpClientBeanHolder   - [HttpClientBeanHolder] Destruction of the end
