25-02-18.16:09:09.689 [main            ] INFO  NacosLogging           - Nacos Logging Adapter Builder: com.alibaba.nacos.logger.adapter.logback12.LogbackNacosLoggingAdapterBuilder
25-02-18.16:09:09.693 [main            ] INFO  NacosLogging           - Nacos Logging Adapter Builder: com.alibaba.nacos.logger.adapter.logback14.LogbackNacosLoggingAdapterBuilder
25-02-18.16:09:09.694 [main            ] INFO  NacosLogging           - Nacos Logging Adapter: com.alibaba.nacos.logger.adapter.logback14.LogbackNacosLoggingAdapter match ch.qos.logback.classic.Logger success.
25-02-18.16:09:09.695 [main            ] INFO  NacosLogging           - Nacos Logging Adapter Builder: com.alibaba.nacos.logger.adapter.log4j2.Log4j2NacosLoggingAdapterBuilder
25-02-18.16:09:09.796 [main            ] INFO  SpringAiAlibabaLearnApplication - Starting SpringAiAlibabaLearnApplication using Java 17 with PID 10324 (C:\Program Files\Java\code\spring-AI-Alibaba-learn\target\classes started by William.Wales in C:\Program Files\Java\code\spring-AI-Alibaba-learn)
25-02-18.16:09:09.796 [main            ] INFO  SpringAiAlibabaLearnApplication - No active profile set, falling back to 1 default profile: "default"
25-02-18.16:09:10.684 [main            ] WARN  PostProcessorRegistrationDelegate$BeanPostProcessorChecker - Bean 'com.alibaba.cloud.nacos.NacosConfigAutoConfiguration' of type [com.alibaba.cloud.nacos.NacosConfigAutoConfiguration] is not eligible for getting processed by all BeanPostProcessors (for example: not eligible for auto-proxying). The currently created BeanPostProcessor [nacosAnnotationProcessor] is declared through a non-static factory method on that class; consider declaring it as static instead.
25-02-18.16:09:10.699 [main            ] WARN  PostProcessorRegistrationDelegate$BeanPostProcessorChecker - Bean 'nacosConfigProperties' of type [com.alibaba.cloud.nacos.NacosConfigProperties] is not eligible for getting processed by all BeanPostProcessors (for example: not eligible for auto-proxying). Is this bean getting eagerly injected/applied to a currently created BeanPostProcessor [nacosAnnotationProcessor]? Check the corresponding BeanPostProcessor declaration and its dependencies/advisors. If this bean does not have to be post-processed, declare it with ROLE_INFRASTRUCTURE.
25-02-18.16:09:10.744 [main            ] INFO  ClientAuthPluginManager - [ClientAuthPluginManager] Load ClientAuthService com.alibaba.nacos.client.auth.impl.NacosClientAuthServiceImpl success.
25-02-18.16:09:10.744 [main            ] INFO  ClientAuthPluginManager - [ClientAuthPluginManager] Load ClientAuthService com.alibaba.nacos.client.auth.ram.RamClientAuthServiceImpl success.
25-02-18.16:09:10.759 [main            ] WARN  PostProcessorRegistrationDelegate$BeanPostProcessorChecker - Bean 'nacosConfigManager' of type [com.alibaba.cloud.nacos.NacosConfigManager] is not eligible for getting processed by all BeanPostProcessors (for example: not eligible for auto-proxying). Is this bean getting eagerly injected/applied to a currently created BeanPostProcessor [nacosAnnotationProcessor]? Check the corresponding BeanPostProcessor declaration and its dependencies/advisors. If this bean does not have to be post-processed, declare it with ROLE_INFRASTRUCTURE.
25-02-18.16:09:10.998 [main            ] INFO  TomcatWebServer        - Tomcat initialized with port 18080 (http)
25-02-18.16:09:10.998 [main            ] INFO  Http11NioProtocol      - Initializing ProtocolHandler ["http-nio-18080"]
25-02-18.16:09:10.998 [main            ] INFO  StandardService        - Starting service [Tomcat]
25-02-18.16:09:10.998 [main            ] INFO  StandardEngine         - Starting Servlet engine: [Apache Tomcat/10.1.34]
25-02-18.16:09:11.093 [main            ] INFO  [/]                    - Initializing Spring embedded WebApplicationContext
25-02-18.16:09:11.093 [main            ] INFO  ServletWebServerApplicationContext - Root WebApplicationContext: initialization completed in 1262 ms
25-02-18.16:09:13.504 [main            ] INFO  NacosAnnotationProcessor - [Nacos Config] Listening config for annotation: dataId=spring.ai.alibaba.configurable.prompt, group=DEFAULT_GROUP
25-02-18.16:09:13.504 [main            ] INFO  NacosAnnotationProcessor - [Nacos Config] register configurablePromptTemplateFactory#method#onConfigChange(List) listener on com.alibaba.cloud.ai.prompt.ConfigurablePromptTemplateFactory@b340615 
25-02-18.16:09:13.597 [main            ] INFO  Http11NioProtocol      - Starting ProtocolHandler ["http-nio-18080"]
25-02-18.16:09:13.623 [main            ] INFO  TomcatWebServer        - Tomcat started on port 18080 (http) with context path '/'
25-02-18.16:09:13.626 [main            ] INFO  SpringAiAlibabaLearnApplication - Started SpringAiAlibabaLearnApplication in 4.42 seconds (process running for 5.153)
25-02-18.16:09:36.822 [http-nio-18080-exec-1] INFO  [/]                    - Initializing Spring DispatcherServlet 'dispatcherServlet'
25-02-18.16:09:36.822 [http-nio-18080-exec-1] INFO  DispatcherServlet      - Initializing Servlet 'dispatcherServlet'
25-02-18.16:09:36.823 [http-nio-18080-exec-1] INFO  DispatcherServlet      - Completed initialization in 1 ms
25-02-18.16:09:36.843 [http-nio-18080-exec-1] WARN  DefaultHandlerExceptionResolver - Resolved [org.springframework.web.HttpRequestMethodNotSupportedException: Request method 'POST' is not supported]
25-02-18.16:11:19.841 [HttpClient-2-Worker-0] INFO  HikariDataSource       - Retail_HikariCP - Starting...
25-02-18.16:11:25.118 [HttpClient-2-Worker-0] WARN  QueryTools             - Order details: Unknown database 'big_market'
25-02-18.16:11:49.623 [Thread-3        ] WARN  ThreadPoolManager      - [ThreadPoolManager] Start destroying ThreadPool
25-02-18.16:11:49.623 [Thread-18       ] WARN  NotifyCenter           - [NotifyCenter] Start destroying Publisher
25-02-18.16:11:49.623 [Thread-16       ] WARN  HttpClientBeanHolder   - [HttpClientBeanHolder] Start destroying common HttpClient
25-02-18.16:11:49.623 [Thread-18       ] WARN  NotifyCenter           - [NotifyCenter] Destruction of the end
25-02-18.16:11:49.623 [Thread-3        ] WARN  ThreadPoolManager      - [ThreadPoolManager] Destruction of the end
25-02-18.16:11:49.624 [Thread-16       ] WARN  HttpClientBeanHolder   - [HttpClientBeanHolder] Destruction of the end
25-02-18.16:11:49.626 [SpringApplicationShutdownHook] INFO  GracefulShutdown       - Commencing graceful shutdown. Waiting for active requests to complete
25-02-18.16:11:50.237 [tomcat-shutdown ] INFO  GracefulShutdown       - Graceful shutdown complete
25-02-18.16:12:14.745 [main            ] INFO  NacosLogging           - Nacos Logging Adapter Builder: com.alibaba.nacos.logger.adapter.logback12.LogbackNacosLoggingAdapterBuilder
25-02-18.16:12:14.749 [main            ] INFO  NacosLogging           - Nacos Logging Adapter Builder: com.alibaba.nacos.logger.adapter.logback14.LogbackNacosLoggingAdapterBuilder
25-02-18.16:12:14.749 [main            ] INFO  NacosLogging           - Nacos Logging Adapter: com.alibaba.nacos.logger.adapter.logback14.LogbackNacosLoggingAdapter match ch.qos.logback.classic.Logger success.
25-02-18.16:12:14.755 [main            ] INFO  NacosLogging           - Nacos Logging Adapter Builder: com.alibaba.nacos.logger.adapter.log4j2.Log4j2NacosLoggingAdapterBuilder
25-02-18.16:12:14.852 [main            ] INFO  SpringAiAlibabaLearnApplication - Starting SpringAiAlibabaLearnApplication using Java 17 with PID 23356 (C:\Program Files\Java\code\spring-AI-Alibaba-learn\target\classes started by William.Wales in C:\Program Files\Java\code\spring-AI-Alibaba-learn)
25-02-18.16:12:14.853 [main            ] INFO  SpringAiAlibabaLearnApplication - No active profile set, falling back to 1 default profile: "default"
25-02-18.16:12:15.753 [main            ] WARN  PostProcessorRegistrationDelegate$BeanPostProcessorChecker - Bean 'com.alibaba.cloud.nacos.NacosConfigAutoConfiguration' of type [com.alibaba.cloud.nacos.NacosConfigAutoConfiguration] is not eligible for getting processed by all BeanPostProcessors (for example: not eligible for auto-proxying). The currently created BeanPostProcessor [nacosAnnotationProcessor] is declared through a non-static factory method on that class; consider declaring it as static instead.
25-02-18.16:12:15.756 [main            ] WARN  PostProcessorRegistrationDelegate$BeanPostProcessorChecker - Bean 'nacosConfigProperties' of type [com.alibaba.cloud.nacos.NacosConfigProperties] is not eligible for getting processed by all BeanPostProcessors (for example: not eligible for auto-proxying). Is this bean getting eagerly injected/applied to a currently created BeanPostProcessor [nacosAnnotationProcessor]? Check the corresponding BeanPostProcessor declaration and its dependencies/advisors. If this bean does not have to be post-processed, declare it with ROLE_INFRASTRUCTURE.
25-02-18.16:12:15.820 [main            ] INFO  ClientAuthPluginManager - [ClientAuthPluginManager] Load ClientAuthService com.alibaba.nacos.client.auth.impl.NacosClientAuthServiceImpl success.
25-02-18.16:12:15.820 [main            ] INFO  ClientAuthPluginManager - [ClientAuthPluginManager] Load ClientAuthService com.alibaba.nacos.client.auth.ram.RamClientAuthServiceImpl success.
25-02-18.16:12:15.822 [main            ] WARN  PostProcessorRegistrationDelegate$BeanPostProcessorChecker - Bean 'nacosConfigManager' of type [com.alibaba.cloud.nacos.NacosConfigManager] is not eligible for getting processed by all BeanPostProcessors (for example: not eligible for auto-proxying). Is this bean getting eagerly injected/applied to a currently created BeanPostProcessor [nacosAnnotationProcessor]? Check the corresponding BeanPostProcessor declaration and its dependencies/advisors. If this bean does not have to be post-processed, declare it with ROLE_INFRASTRUCTURE.
25-02-18.16:12:16.053 [main            ] INFO  TomcatWebServer        - Tomcat initialized with port 18080 (http)
25-02-18.16:12:16.064 [main            ] INFO  Http11NioProtocol      - Initializing ProtocolHandler ["http-nio-18080"]
25-02-18.16:12:16.066 [main            ] INFO  StandardService        - Starting service [Tomcat]
25-02-18.16:12:16.066 [main            ] INFO  StandardEngine         - Starting Servlet engine: [Apache Tomcat/10.1.34]
25-02-18.16:12:16.166 [main            ] INFO  [/]                    - Initializing Spring embedded WebApplicationContext
25-02-18.16:12:16.166 [main            ] INFO  ServletWebServerApplicationContext - Root WebApplicationContext: initialization completed in 1274 ms
25-02-18.16:12:18.569 [main            ] INFO  NacosAnnotationProcessor - [Nacos Config] Listening config for annotation: dataId=spring.ai.alibaba.configurable.prompt, group=DEFAULT_GROUP
25-02-18.16:12:18.582 [main            ] INFO  NacosAnnotationProcessor - [Nacos Config] register configurablePromptTemplateFactory#method#onConfigChange(List) listener on com.alibaba.cloud.ai.prompt.ConfigurablePromptTemplateFactory@62c47480 
25-02-18.16:12:18.685 [main            ] INFO  Http11NioProtocol      - Starting ProtocolHandler ["http-nio-18080"]
25-02-18.16:12:18.695 [main            ] INFO  TomcatWebServer        - Tomcat started on port 18080 (http) with context path '/'
25-02-18.16:12:18.704 [main            ] INFO  SpringAiAlibabaLearnApplication - Started SpringAiAlibabaLearnApplication in 4.438 seconds (process running for 5.172)
25-02-18.16:12:24.006 [http-nio-18080-exec-1] INFO  [/]                    - Initializing Spring DispatcherServlet 'dispatcherServlet'
25-02-18.16:12:24.006 [http-nio-18080-exec-1] INFO  DispatcherServlet      - Initializing Servlet 'dispatcherServlet'
25-02-18.16:12:24.007 [http-nio-18080-exec-1] INFO  DispatcherServlet      - Completed initialization in 1 ms
25-02-18.16:13:52.067 [HttpClient-2-Worker-0] INFO  HikariDataSource       - Retail_HikariCP - Starting...
25-02-18.16:13:57.283 [HttpClient-2-Worker-0] WARN  QueryTools             - Order details: Access denied for user 'root'@'172.22.0.1' (using password: YES)
25-02-18.16:14:35.984 [HttpClient-2-Worker-2] INFO  HikariDataSource       - Retail_HikariCP - Starting...
25-02-18.16:14:38.967 [Thread-3        ] WARN  ThreadPoolManager      - [ThreadPoolManager] Start destroying ThreadPool
25-02-18.16:14:38.968 [Thread-16       ] WARN  HttpClientBeanHolder   - [HttpClientBeanHolder] Start destroying common HttpClient
25-02-18.16:14:38.968 [Thread-18       ] WARN  NotifyCenter           - [NotifyCenter] Start destroying Publisher
25-02-18.16:14:38.968 [Thread-18       ] WARN  NotifyCenter           - [NotifyCenter] Destruction of the end
25-02-18.16:14:38.968 [Thread-3        ] WARN  ThreadPoolManager      - [ThreadPoolManager] Destruction of the end
25-02-18.16:14:38.968 [Thread-16       ] WARN  HttpClientBeanHolder   - [HttpClientBeanHolder] Destruction of the end
25-02-18.16:14:38.971 [SpringApplicationShutdownHook] INFO  GracefulShutdown       - Commencing graceful shutdown. Waiting for active requests to complete
25-02-18.16:14:41.060 [HttpClient-2-Worker-2] WARN  QueryTools             - Order details: Access denied for user 'root'@'172.22.0.1' (using password: YES)
25-02-18.16:14:49.911 [tomcat-shutdown ] INFO  GracefulShutdown       - Graceful shutdown complete
25-02-18.16:15:01.454 [main            ] INFO  NacosLogging           - Nacos Logging Adapter Builder: com.alibaba.nacos.logger.adapter.logback12.LogbackNacosLoggingAdapterBuilder
25-02-18.16:15:01.457 [main            ] INFO  NacosLogging           - Nacos Logging Adapter Builder: com.alibaba.nacos.logger.adapter.logback14.LogbackNacosLoggingAdapterBuilder
25-02-18.16:15:01.457 [main            ] INFO  NacosLogging           - Nacos Logging Adapter: com.alibaba.nacos.logger.adapter.logback14.LogbackNacosLoggingAdapter match ch.qos.logback.classic.Logger success.
25-02-18.16:15:01.463 [main            ] INFO  NacosLogging           - Nacos Logging Adapter Builder: com.alibaba.nacos.logger.adapter.log4j2.Log4j2NacosLoggingAdapterBuilder
25-02-18.16:15:01.557 [main            ] INFO  SpringAiAlibabaLearnApplication - Starting SpringAiAlibabaLearnApplication using Java 17 with PID 53992 (C:\Program Files\Java\code\spring-AI-Alibaba-learn\target\classes started by William.Wales in C:\Program Files\Java\code\spring-AI-Alibaba-learn)
25-02-18.16:15:01.559 [main            ] INFO  SpringAiAlibabaLearnApplication - No active profile set, falling back to 1 default profile: "default"
25-02-18.16:15:02.429 [main            ] WARN  PostProcessorRegistrationDelegate$BeanPostProcessorChecker - Bean 'com.alibaba.cloud.nacos.NacosConfigAutoConfiguration' of type [com.alibaba.cloud.nacos.NacosConfigAutoConfiguration] is not eligible for getting processed by all BeanPostProcessors (for example: not eligible for auto-proxying). The currently created BeanPostProcessor [nacosAnnotationProcessor] is declared through a non-static factory method on that class; consider declaring it as static instead.
25-02-18.16:15:02.432 [main            ] WARN  PostProcessorRegistrationDelegate$BeanPostProcessorChecker - Bean 'nacosConfigProperties' of type [com.alibaba.cloud.nacos.NacosConfigProperties] is not eligible for getting processed by all BeanPostProcessors (for example: not eligible for auto-proxying). Is this bean getting eagerly injected/applied to a currently created BeanPostProcessor [nacosAnnotationProcessor]? Check the corresponding BeanPostProcessor declaration and its dependencies/advisors. If this bean does not have to be post-processed, declare it with ROLE_INFRASTRUCTURE.
25-02-18.16:15:02.502 [main            ] INFO  ClientAuthPluginManager - [ClientAuthPluginManager] Load ClientAuthService com.alibaba.nacos.client.auth.impl.NacosClientAuthServiceImpl success.
25-02-18.16:15:02.503 [main            ] INFO  ClientAuthPluginManager - [ClientAuthPluginManager] Load ClientAuthService com.alibaba.nacos.client.auth.ram.RamClientAuthServiceImpl success.
25-02-18.16:15:02.505 [main            ] WARN  PostProcessorRegistrationDelegate$BeanPostProcessorChecker - Bean 'nacosConfigManager' of type [com.alibaba.cloud.nacos.NacosConfigManager] is not eligible for getting processed by all BeanPostProcessors (for example: not eligible for auto-proxying). Is this bean getting eagerly injected/applied to a currently created BeanPostProcessor [nacosAnnotationProcessor]? Check the corresponding BeanPostProcessor declaration and its dependencies/advisors. If this bean does not have to be post-processed, declare it with ROLE_INFRASTRUCTURE.
25-02-18.16:15:02.753 [main            ] INFO  TomcatWebServer        - Tomcat initialized with port 18080 (http)
25-02-18.16:15:02.765 [main            ] INFO  Http11NioProtocol      - Initializing ProtocolHandler ["http-nio-18080"]
25-02-18.16:15:02.766 [main            ] INFO  StandardService        - Starting service [Tomcat]
25-02-18.16:15:02.767 [main            ] INFO  StandardEngine         - Starting Servlet engine: [Apache Tomcat/10.1.34]
25-02-18.16:15:02.859 [main            ] INFO  [/]                    - Initializing Spring embedded WebApplicationContext
25-02-18.16:15:02.860 [main            ] INFO  ServletWebServerApplicationContext - Root WebApplicationContext: initialization completed in 1261 ms
25-02-18.16:15:05.034 [main            ] INFO  NacosAnnotationProcessor - [Nacos Config] Listening config for annotation: dataId=spring.ai.alibaba.configurable.prompt, group=DEFAULT_GROUP
25-02-18.16:15:05.045 [main            ] INFO  NacosAnnotationProcessor - [Nacos Config] register configurablePromptTemplateFactory#method#onConfigChange(List) listener on com.alibaba.cloud.ai.prompt.ConfigurablePromptTemplateFactory@62c47480 
25-02-18.16:15:05.141 [main            ] INFO  Http11NioProtocol      - Starting ProtocolHandler ["http-nio-18080"]
25-02-18.16:15:05.151 [main            ] INFO  TomcatWebServer        - Tomcat started on port 18080 (http) with context path '/'
25-02-18.16:15:05.161 [main            ] INFO  SpringAiAlibabaLearnApplication - Started SpringAiAlibabaLearnApplication in 4.206 seconds (process running for 4.913)
25-02-18.16:16:23.515 [http-nio-18080-exec-1] INFO  [/]                    - Initializing Spring DispatcherServlet 'dispatcherServlet'
25-02-18.16:16:23.516 [http-nio-18080-exec-1] INFO  DispatcherServlet      - Initializing Servlet 'dispatcherServlet'
25-02-18.16:16:23.517 [http-nio-18080-exec-1] INFO  DispatcherServlet      - Completed initialization in 1 ms
25-02-18.16:17:00.665 [HttpClient-2-Worker-0] INFO  HikariDataSource       - Retail_HikariCP - Starting...
25-02-18.16:17:00.883 [HttpClient-2-Worker-0] INFO  HikariPool             - Retail_HikariCP - Added connection com.mysql.cj.jdbc.ConnectionImpl@134726e4
25-02-18.16:17:00.886 [HttpClient-2-Worker-0] INFO  HikariDataSource       - Retail_HikariCP - Start completed.
25-02-18.16:22:02.849 [Thread-3        ] WARN  ThreadPoolManager      - [ThreadPoolManager] Start destroying ThreadPool
25-02-18.16:22:02.849 [Thread-18       ] WARN  NotifyCenter           - [NotifyCenter] Start destroying Publisher
25-02-18.16:22:02.849 [Thread-16       ] WARN  HttpClientBeanHolder   - [HttpClientBeanHolder] Start destroying common HttpClient
25-02-18.16:22:02.849 [Thread-18       ] WARN  NotifyCenter           - [NotifyCenter] Destruction of the end
25-02-18.16:22:02.849 [Thread-3        ] WARN  ThreadPoolManager      - [ThreadPoolManager] Destruction of the end
25-02-18.16:22:02.850 [Thread-16       ] WARN  HttpClientBeanHolder   - [HttpClientBeanHolder] Destruction of the end
25-02-18.16:22:02.852 [SpringApplicationShutdownHook] INFO  GracefulShutdown       - Commencing graceful shutdown. Waiting for active requests to complete
25-02-18.16:22:03.377 [tomcat-shutdown ] INFO  GracefulShutdown       - Graceful shutdown complete
25-02-18.16:22:03.390 [SpringApplicationShutdownHook] INFO  HikariDataSource       - Retail_HikariCP - Shutdown initiated...
25-02-18.16:22:03.417 [SpringApplicationShutdownHook] INFO  HikariDataSource       - Retail_HikariCP - Shutdown completed.
